<?xml version="1.0" encoding="UTF-8"?>
<!-- Generated by org.testng.reporters.JUnitXMLReporter -->
<testsuite hostname="DESKTOP-6E7JKDN" name="Test" tests="4" failures="0" timestamp="27 May 2022 02:44:57 GMT" time="13.878" errors="0">
  <testcase name="getRequest" time="5.417" classname="testscript.GetRequest"/>
  <testcase name="postRequestUsingFile" time="1.157" classname="testscript.PostRequestUsingFile"/>
  <testcase name="updateRequest" time="3.662" classname="testscript.UpdateRequest"/>
  <testcase name="deleteRequest" time="3.628" classname="testscript.DeleteRequest"/>
</testsuite> <!-- Test -->
