<?xml version="1.0" encoding="UTF-8"?>
<!-- Generated by org.testng.reporters.JUnitXMLReporter -->
<testsuite hostname="DESKTOP-6E7JKDN" name="Test" tests="3" failures="0" timestamp="27 May 2022 02:37:10 GMT" time="10.553" errors="0">
  <testcase name="getRequest" time="5.673" classname="testscript.GetRequest"/>
  <testcase name="postRequestUsingFile" time="1.154" classname="testscript.PostRequestUsingFile"/>
  <testcase name="deleteRequest" time="3.711" classname="testscript.DeleteRequest"/>
</testsuite> <!-- Test -->
